This is pdfTeX, Version 3.141592653-2.6-1.40.27 (TeX Live 2025/nixos.org) (preloaded format=pdflatex 1980.1.1)  24 MAY 2026 23:59
entering extended mode
 restricted \write18 enabled.
 %&-line parsing enabled.
**–ö—É—Ä—Å–æ–≤–∞—è.tex
(./–ö—É—Ä—Å–æ–≤–∞—è.tex
LaTeX2e <2025-11-01>
L3 programming layer <2026-01-19>
(./SCWorks.cls
(/nix/store/56vq9r21wl8m731rsri7nh3l4ipih7jj-texlive-2025-r78234-final-env-texm
fdist/tex/latex/extsizes/extarticle.cls
Document Class: extarticle 1996/10/08 v1.0 Non Standard LaTeX document class

(/nix/store/56vq9r21wl8m731rsri7nh3l4ipih7jj-texlive-2025-r78234-final-env-texm
fdist/tex/latex/extsizes/size14.clo
File: size14.clo 1999/11/11 v1.4a NON-Standard LaTeX file (size option)
)
(/nix/store/56vq9r21wl8m731rsri7nh3l4ipih7jj-texlive-2025-r78234-final-env-texm
fdist/tex/latex/base/exscale.sty
Package: exscale 2025/06/05 v2.1i Standard LaTeX package exscale
LaTeX Font Info:    Redeclaring symbol font `largesymbols' on input line 57.
LaTeX Font Info:    Overwriting symbol font `largesymbols' in version `normal'
(Font)                  OMX/cmex/m/n --> OMX/cmex/m/n on input line 57.
LaTeX Font Info:    Overwriting symbol font `largesymbols' in version `bold'
(Font)                  OMX/cmex/m/n --> OMX/cmex/m/n on input line 57.
\big@size=\dimen148
)
\c@part=\count275
\c@section=\count276
\c@subsection=\count277
\c@subsubsection=\count278
\c@paragraph=\count279
\c@subparagraph=\count280
\c@figure=\count281
\c@table=\count282
\abovecaptionskip=\skip49
\belowcaptionskip=\skip50
\bibindent=\dimen149
)
(/nix/store/56vq9r21wl8m731rsri7nh3l4ipih7jj-texlive-2025-r78234-final-env-texm
fdist/tex/latex/geometry/geometry.sty
Package: geometry 2020/01/02 v5.9 Page Geometry

(/nix/store/56vq9r21wl8m731rsri7nh3l4ipih7jj-texlive-2025-r78234-final-env-texm
fdist/tex/latex/graphics/keyval.sty
Package: keyval 2022/05/29 v1.15 key=value parser (DPC)
\KV@toks@=\toks17
)
(/nix/store/56vq9r21wl8m731rsri7nh3l4ipih7jj-texlive-2025-r78234-final-env-texm
fdist/tex/generic/iftex/ifvtex.sty
Package: ifvtex 2019/10/25 v1.7 ifvtex legacy package. Use iftex instead.

(/nix/store/56vq9r21wl8m731rsri7nh3l4ipih7jj-texlive-2025-r78234-final-env-texm
fdist/tex/generic/iftex/iftex.sty
Package: iftex 2024/12/12 v1.0g TeX engine tests
))
\Gm@cnth=\count283
\Gm@cntv=\count284
\c@Gm@tempcnt=\count285
\Gm@bindingoffset=\dimen150
\Gm@wd@mp=\dimen151
\Gm@odd@mp=\dimen152
\Gm@even@mp=\dimen153
\Gm@layoutwidth=\dimen154
\Gm@layoutheight=\dimen155
\Gm@layouthoffset=\dimen156
\Gm@layoutvoffset=\dimen157
\Gm@dimlist=\toks18
)
(/nix/store/56vq9r21wl8m731rsri7nh3l4ipih7jj-texlive-2025-r78234-final-env-texm
fdist/tex/latex/setspace/setspace.sty
Package: setspace 2022/12/04 v6.7b set line spacing
)
(/nix/store/56vq9r21wl8m731rsri7nh3l4ipih7jj-texlive-2025-r78234-final-env-texm
fdist/tex/latex/tools/calc.sty
Package: calc 2025/03/01 v4.3b Infix arithmetic (KKT,FJ)
\calc@Acount=\count286
\calc@Bcount=\count287
\calc@Adimen=\dimen158
\calc@Bdimen=\dimen159
\calc@Askip=\skip51
\calc@Bskip=\skip52
LaTeX Info: Redefining \setlength on input line 86.
LaTeX Info: Redefining \addtolength on input line 87.
\calc@Ccount=\count288
\calc@Cskip=\skip53
)
(/nix/store/56vq9r21wl8m731rsri7nh3l4ipih7jj-texlive-2025-r78234-final-env-texm
fdist/tex/latex/titlesec/titlesec.sty
Package: titlesec 2025/01/04 v2.17 Sectioning titles
\ttl@box=\box53
\beforetitleunit=\skip54
\aftertitleunit=\skip55
\ttl@plus=\dimen160
\ttl@minus=\dimen161
\ttl@toksa=\toks19
\titlewidth=\dimen162
\titlewidthlast=\dimen163
\titlewidthfirst=\dimen164
)
(/nix/store/56vq9r21wl8m731rsri7nh3l4ipih7jj-texlive-2025-r78234-final-env-texm
fdist/tex/latex/titlesec/titletoc.sty
Package: titletoc 2025/01/04 v2.17 TOC entries
\ttl@leftsep=\dimen165
)
(/nix/store/56vq9r21wl8m731rsri7nh3l4ipih7jj-texlive-2025-r78234-final-env-texm
fdist/tex/latex/caption/caption.sty
Package: caption 2023/08/05 v3.6o Customizing captions (AR)

(/nix/store/56vq9r21wl8m731rsri7nh3l4ipih7jj-texlive-2025-r78234-final-env-texm
fdist/tex/latex/caption/caption3.sty
Package: caption3 2023/07/31 v2.4d caption3 kernel (AR)
\caption@tempdima=\dimen166
\captionmargin=\dimen167
\caption@leftmargin=\dimen168
\caption@rightmargin=\dimen169
\caption@width=\dimen170
\caption@indent=\dimen171
\caption@parindent=\dimen172
\caption@hangindent=\dimen173
Package caption Info: Standard document class detected.
)
\c@caption@flags=\count289
\c@continuedfloat=\count290
)
(/nix/store/56vq9r21wl8m731rsri7nh3l4ipih7jj-texlive-2025-r78234-final-env-texm
fdist/tex/latex/enumitem/enumitem.sty
Package: enumitem 2025/02/06 v3.11 Customized lists
\labelindent=\skip56
\enit@outerparindent=\dimen174
\enit@toks=\toks20
\enit@inbox=\box54
\enit@count@id=\count291
\enitdp@description=\count292
)
\tmp=\skip57
)
(/nix/store/56vq9r21wl8m731rsri7nh3l4ipih7jj-texlive-2025-r78234-final-env-texm
fdist/tex/latex/base/fontenc.sty
Package: fontenc 2025/07/18 v2.1d Standard LaTeX package

(/nix/store/56vq9r21wl8m731rsri7nh3l4ipih7jj-texlive-2025-r78234-final-env-texm
fdist/tex/latex/cyrillic/t2aenc.def
File: t2aenc.def 2023/11/07 v1.0k Cyrillic encoding definition file
Now handling font encoding T2A ...
... processing UTF-8 mapping file for font encoding T2A

(/nix/store/56vq9r21wl8m731rsri7nh3l4ipih7jj-texlive-2025-r78234-final-env-texm
fdist/tex/latex/base/t2aenc.dfu
File: t2aenc.dfu 2022/06/07 v1.3c UTF-8 support
   defining Unicode char U+00A4 (decimal 164)
   defining Unicode char U+00A7 (decimal 167)
   defining Unicode char U+00AB (decimal 171)
   defining Unicode char U+00BB (decimal 187)
   defining Unicode char U+0131 (decimal 305)
   defining Unicode char U+0237 (decimal 567)
   defining Unicode char U+0400 (decimal 1024)
   defining Unicode char U+0401 (decimal 1025)
   defining Unicode char U+0402 (decimal 1026)
   defining Unicode char U+0403 (decimal 1027)
   defining Unicode char U+0404 (decimal 1028)
   defining Unicode char U+0405 (decimal 1029)
   defining Unicode char U+0406 (decimal 1030)
   defining Unicode char U+0407 (decimal 1031)
   defining Unicode char U+0408 (decimal 1032)
   defining Unicode char U+0409 (decimal 1033)
   defining Unicode char U+040A (decimal 1034)
   defining Unicode char U+040B (decimal 1035)
   defining Unicode char U+040C (decimal 1036)
   defining Unicode char U+040D (decimal 1037)
   defining Unicode char U+040E (decimal 1038)
   defining Unicode char U+040F (decimal 1039)
   defining Unicode char U+0410 (decimal 1040)
   defining Unicode char U+0411 (decimal 1041)
   defining Unicode char U+0412 (decimal 1042)
   defining Unicode char U+0413 (decimal 1043)
   defining Unicode char U+0414 (decimal 1044)
   defining Unicode char U+0415 (decimal 1045)
   defining Unicode char U+0416 (decimal 1046)
   defining Unicode char U+0417 (decimal 1047)
   defining Unicode char U+0418 (decimal 1048)
   defining Unicode char U+0419 (decimal 1049)
   defining Unicode char U+041A (decimal 1050)
   defining Unicode char U+041B (decimal 1051)
   defining Unicode char U+041C (decimal 1052)
   defining Unicode char U+041D (decimal 1053)
   defining Unicode char U+041E (decimal 1054)
   defining Unicode char U+041F (decimal 1055)
   defining Unicode char U+0420 (decimal 1056)
   defining Unicode char U+0421 (decimal 1057)
   defining Unicode char U+0422 (decimal 1058)
   defining Unicode char U+0423 (decimal 1059)
   defining Unicode char U+0424 (decimal 1060)
   defining Unicode char U+0425 (decimal 1061)
   defining Unicode char U+0426 (decimal 1062)
   defining Unicode char U+0427 (decimal 1063)
   defining Unicode char U+0428 (decimal 1064)
   defining Unicode char U+0429 (decimal 1065)
   defining Unicode char U+042A (decimal 1066)
   defining Unicode char U+042B (decimal 1067)
   defining Unicode char U+042C (decimal 1068)
   defining Unicode char U+042D (decimal 1069)
   defining Unicode char U+042E (decimal 1070)
   defining Unicode char U+042F (decimal 1071)
   defining Unicode char U+0430 (decimal 1072)
   defining Unicode char U+0431 (decimal 1073)
   defining Unicode char U+0432 (decimal 1074)
   defining Unicode char U+0433 (decimal 1075)
   defining Unicode char U+0434 (decimal 1076)
   defining Unicode char U+0435 (decimal 1077)
   defining Unicode char U+0436 (decimal 1078)
   defining Unicode char U+0437 (decimal 1079)
   defining Unicode char U+0438 (decimal 1080)
   defining Unicode char U+0439 (decimal 1081)
   defining Unicode char U+043A (decimal 1082)
   defining Unicode char U+043B (decimal 1083)
   defining Unicode char U+043C (decimal 1084)
   defining Unicode char U+043D (decimal 1085)
   defining Unicode char U+043E (decimal 1086)
   defining Unicode char U+043F (decimal 1087)
   defining Unicode char U+0440 (decimal 1088)
   defining Unicode char U+0441 (decimal 1089)
   defining Unicode char U+0442 (decimal 1090)
   defining Unicode char U+0443 (decimal 1091)
   defining Unicode char U+0444 (decimal 1092)
   defining Unicode char U+0445 (decimal 1093)
   defining Unicode char U+0446 (decimal 1094)
   defining Unicode char U+0447 (decimal 1095)
   defining Unicode char U+0448 (decimal 1096)
   defining Unicode char U+0449 (decimal 1097)
   defining Unicode char U+044A (decimal 1098)
   defining Unicode char U+044B (decimal 1099)
   defining Unicode char U+044C (decimal 1100)
   defining Unicode char U+044D (decimal 1101)
   defining Unicode char U+044E (decimal 1102)
   defining Unicode char U+044F (decimal 1103)
   defining Unicode char U+0450 (decimal 1104)
   defining Unicode char U+0451 (decimal 1105)
   defining Unicode char U+0452 (decimal 1106)
   defining Unicode char U+0453 (decimal 1107)
   defining Unicode char U+0454 (decimal 1108)
   defining Unicode char U+0455 (decimal 1109)
   defining Unicode char U+0456 (decimal 1110)
   defining Unicode char U+0457 (decimal 1111)
   defining Unicode char U+0458 (decimal 1112)
   defining Unicode char U+0459 (decimal 1113)
   defining Unicode char U+045A (decimal 1114)
   defining Unicode char U+045B (decimal 1115)
   defining Unicode char U+045C (decimal 1116)
   defining Unicode char U+045D (decimal 1117)
   defining Unicode char U+045E (decimal 1118)
   defining Unicode char U+045F (decimal 1119)
   defining Unicode char U+0490 (decimal 1168)
   defining Unicode char U+0491 (decimal 1169)
   defining Unicode char U+0492 (decimal 1170)
   defining Unicode char U+0493 (decimal 1171)
   defining Unicode char U+0496 (decimal 1174)
   defining Unicode char U+0497 (decimal 1175)
   defining Unicode char U+0498 (decimal 1176)
   defining Unicode char U+0499 (decimal 1177)
   defining Unicode char U+049A (decimal 1178)
   defining Unicode char U+049B (decimal 1179)
   defining Unicode char U+049C (decimal 1180)
   defining Unicode char U+049D (decimal 1181)
   defining Unicode char U+04A0 (decimal 1184)
   defining Unicode char U+04A1 (decimal 1185)
   defining Unicode char U+04A2 (decimal 1186)
   defining Unicode char U+04A3 (decimal 1187)
   defining Unicode char U+04A4 (decimal 1188)
   defining Unicode char U+04A5 (decimal 1189)
   defining Unicode char U+04AA (decimal 1194)
   defining Unicode char U+04AB (decimal 1195)
   defining Unicode char U+04AE (decimal 1198)
   defining Unicode char U+04AF (decimal 1199)
   defining Unicode char U+04B0 (decimal 1200)
   defining Unicode char U+04B1 (decimal 1201)
   defining Unicode char U+04B2 (decimal 1202)
   defining Unicode char U+04B3 (decimal 1203)
   defining Unicode char U+04B6 (decimal 1206)
   defining Unicode char U+04B7 (decimal 1207)
   defining Unicode char U+04B8 (decimal 1208)
   defining Unicode char U+04B9 (decimal 1209)
   defining Unicode char U+04BA (decimal 1210)
   defining Unicode char U+04BB (decimal 1211)
   defining Unicode char U+04C0 (decimal 1216)
   defining Unicode char U+04C1 (decimal 1217)
   defining Unicode char U+04C2 (decimal 1218)
   defining Unicode char U+04D0 (decimal 1232)
   defining Unicode char U+04D1 (decimal 1233)
   defining Unicode char U+04D2 (decimal 1234)
   defining Unicode char U+04D3 (decimal 1235)
   defining Unicode char U+04D4 (decimal 1236)
   defining Unicode char U+04D5 (decimal 1237)
   defining Unicode char U+04D6 (decimal 1238)
   defining Unicode char U+04D7 (decimal 1239)
   defining Unicode char U+04D8 (decimal 1240)
   defining Unicode char U+04D9 (decimal 1241)
   defining Unicode char U+04DA (decimal 1242)
   defining Unicode char U+04DB (decimal 1243)
   defining Unicode char U+04DC (decimal 1244)
   defining Unicode char U+04DD (decimal 1245)
   defining Unicode char U+04DE (decimal 1246)
   defining Unicode char U+04DF (decimal 1247)
   defining Unicode char U+04E2 (decimal 1250)
   defining Unicode char U+04E3 (decimal 1251)
   defining Unicode char U+04E4 (decimal 1252)
   defining Unicode char U+04E5 (decimal 1253)
   defining Unicode char U+04E6 (decimal 1254)
   defining Unicode char U+04E7 (decimal 1255)
   defining Unicode char U+04E8 (decimal 1256)
   defining Unicode char U+04E9 (decimal 1257)
   defining Unicode char U+04EC (decimal 1260)
   defining Unicode char U+04ED (decimal 1261)
   defining Unicode char U+04EE (decimal 1262)
   defining Unicode char U+04EF (decimal 1263)
   defining Unicode char U+04F0 (decimal 1264)
   defining Unicode char U+04F1 (decimal 1265)
   defining Unicode char U+04F2 (decimal 1266)
   defining Unicode char U+04F3 (decimal 1267)
   defining Unicode char U+04F4 (decimal 1268)
   defining Unicode char U+04F5 (decimal 1269)
   defining Unicode char U+04F8 (decimal 1272)
   defining Unicode char U+04F9 (decimal 1273)
   defining Unicode char U+200C (decimal 8204)
   defining Unicode char U+2013 (decimal 8211)
   defining Unicode char U+2014 (decimal 8212)
   defining Unicode char U+2018 (decimal 8216)
   defining Unicode char U+2019 (decimal 8217)
   defining Unicode char U+201C (decimal 8220)
   defining Unicode char U+201D (decimal 8221)
   defining Unicode char U+201E (decimal 8222)
   defining Unicode char U+2030 (decimal 8240)
   defining Unicode char U+2031 (decimal 8241)
   defining Unicode char U+2116 (decimal 8470)
   defining Unicode char U+2329 (decimal 9001)
   defining Unicode char U+3008 (decimal 12296)
   defining Unicode char U+232A (decimal 9002)
   defining Unicode char U+3009 (decimal 12297)
   defining Unicode char U+2423 (decimal 9251)
   defining Unicode char U+27E8 (decimal 10216)
   defining Unicode char U+27E9 (decimal 10217)
   defining Unicode char U+FB00 (decimal 64256)
   defining Unicode char U+FB01 (decimal 64257)
   defining Unicode char U+FB02 (decimal 64258)
   defining Unicode char U+FB03 (decimal 64259)
   defining Unicode char U+FB04 (decimal 64260)
   defining Unicode char U+FB05 (decimal 64261)
   defining Unicode char U+FB06 (decimal 64262)
))
LaTeX Font Info:    Trying to load font information for T2A+cmr on input line 1
16.

(/nix/store/56vq9r21wl8m731rsri7nh3l4ipih7jj-texlive-2025-r78234-final-env-texm
fdist/tex/latex/cyrillic/t2acmr.fd
File: t2acmr.fd 2001/08/11 v1.0a Computer Modern Cyrillic font definitions
))
(/nix/store/56vq9r21wl8m731rsri7nh3l4ipih7jj-texlive-2025-r78234-final-env-texm
fdist/tex/latex/base/inputenc.sty
Package: inputenc 2024/02/08 v1.3d Input encoding file
\inpenc@prehook=\toks21
\inpenc@posthook=\toks22

(/nix/store/56vq9r21wl8m731rsri7nh3l4ipih7jj-texlive-2025-r78234-final-env-texm
fdist/tex/latex/cyrillic/cp1251.def
File: cp1251.def 2022/06/11 v1.0e Input encoding file
LaTeX Encoding Info:    Ignoring declaration for text command \textdegree (enco
ding ?) on input line 42.
LaTeX Encoding Info:    Ignoring declaration for text command \textbrokenbar (e
ncoding ?) on input line 43.
LaTeX Encoding Info:    Ignoring declaration for text command \texteuro (encodi
ng ?) on input line 45.
))
(/nix/store/56vq9r21wl8m731rsri7nh3l4ipih7jj-texlive-2025-r78234-final-env-texm
fdist/tex/latex/graphics/graphicx.sty
Package: graphicx 2024/12/31 v1.2e Enhanced LaTeX Graphics (DPC,SPQR)

(/nix/store/56vq9r21wl8m731rsri7nh3l4ipih7jj-texlive-2025-r78234-final-env-texm
fdist/tex/latex/graphics/graphics.sty
Package: graphics 2024/08/06 v1.4g Standard LaTeX Graphics (DPC,SPQR)

(/nix/store/56vq9r21wl8m731rsri7nh3l4ipih7jj-texlive-2025-r78234-final-env-texm
fdist/tex/latex/graphics/trig.sty
Package: trig 2023/12/02 v1.11 sin cos tan (DPC)
)
(/nix/store/56vq9r21wl8m731rsri7nh3l4ipih7jj-texlive-2025-r78234-final-env-texm
fdist/tex/latex/graphics-cfg/graphics.cfg
File: graphics.cfg 2016/06/04 v1.11 sample graphics configuration
)
Package graphics Info: Driver file: pdftex.def on input line 106.

(/nix/store/56vq9r21wl8m731rsri7nh3l4ipih7jj-texlive-2025-r78234-final-env-texm
fdist/tex/latex/graphics-def/pdftex.def
File: pdftex.def 2025/09/29 v1.2d Graphics/color driver for pdftex
))
\Gin@req@height=\dimen175
\Gin@req@width=\dimen176
)
(/nix/store/56vq9r21wl8m731rsri7nh3l4ipih7jj-texlive-2025-r78234-final-env-texm
fdist/tex/latex/cite/cite.sty
LaTeX Info: Redefining \cite on input line 302.
LaTeX Info: Redefining \nocite on input line 332.
Package: cite 2015/02/27  v 5.5
)
(/nix/store/56vq9r21wl8m731rsri7nh3l4ipih7jj-texlive-2025-r78234-final-env-texm
fdist/tex/latex/amsmath/amsmath.sty
Package: amsmath 2025/07/09 v2.17z AMS math features
\@mathmargin=\skip58

For additional information on amsmath, use the `?' option.

(/nix/store/56vq9r21wl8m731rsri7nh3l4ipih7jj-texlive-2025-r78234-final-env-texm
fdist/tex/latex/amsmath/amstext.sty
Package: amstext 2024/11/17 v2.01 AMS text

(/nix/store/56vq9r21wl8m731rsri7nh3l4ipih7jj-texlive-2025-r78234-final-env-texm
fdist/tex/latex/amsmath/amsgen.sty
File: amsgen.sty 1999/11/30 v2.0 generic functions
\@emptytoks=\toks23
\ex@=\dimen177
))
(/nix/store/56vq9r21wl8m731rsri7nh3l4ipih7jj-texlive-2025-r78234-final-env-texm
fdist/tex/latex/amsmath/amsbsy.sty
Package: amsbsy 1999/11/29 v1.2d Bold Symbols
\pmbraise@=\dimen178
)
(/nix/store/56vq9r21wl8m731rsri7nh3l4ipih7jj-texlive-2025-r78234-final-env-texm
fdist/tex/latex/amsmath/amsopn.sty
Package: amsopn 2022/04/08 v2.04 operator names
)
\inf@bad=\count293
LaTeX Info: Redefining \frac on input line 233.
\uproot@=\count294
\leftroot@=\count295
LaTeX Info: Redefining \overline on input line 398.
LaTeX Info: Redefining \colon on input line 409.
\classnum@=\count296
\DOTSCASE@=\count297
LaTeX Info: Redefining \ldots on input line 495.
LaTeX Info: Redefining \dots on input line 498.
LaTeX Info: Redefining \cdots on input line 619.
\Mathstrutbox@=\box55
\strutbox@=\box56
LaTeX Info: Redefining \big on input line 721.
LaTeX Info: Redefining \Big on input line 722.
LaTeX Info: Redefining \bigg on input line 723.
LaTeX Info: Redefining \Bigg on input line 724.
\big@size=\dimen179
LaTeX Font Info:    Redeclaring font encoding OML on input line 742.
LaTeX Font Info:    Redeclaring font encoding OMS on input line 743.
\macc@depth=\count298
LaTeX Info: Redefining \bmod on input line 904.
LaTeX Info: Redefining \pmod on input line 909.
LaTeX Info: Redefining \smash on input line 939.
LaTeX Info: Redefining \relbar on input line 969.
LaTeX Info: Redefining \Relbar on input line 970.
\c@MaxMatrixCols=\count299
\dotsspace@=\muskip17
\c@parentequation=\count300
\dspbrk@lvl=\count301
\tag@help=\toks24
\row@=\count302
\column@=\count303
\maxfields@=\count304
\andhelp@=\toks25
\eqnshift@=\dimen180
\alignsep@=\dimen181
\tagshift@=\dimen182
\tagwidth@=\dimen183
\totwidth@=\dimen184
\lineht@=\dimen185
\@envbody=\toks26
\multlinegap=\skip59
\multlinetaggap=\skip60
\mathdisplay@stack=\toks27
LaTeX Info: Redefining \[ on input line 2950.
LaTeX Info: Redefining \] on input line 2951.
)
(/nix/store/56vq9r21wl8m731rsri7nh3l4ipih7jj-texlive-2025-r78234-final-env-texm
fdist/tex/latex/amsfonts/amssymb.sty
Package: amssymb 2013/01/14 v3.01 AMS font symbols

(/nix/store/56vq9r21wl8m731rsri7nh3l4ipih7jj-texlive-2025-r78234-final-env-texm
fdist/tex/latex/amsfonts/amsfonts.sty
Package: amsfonts 2013/01/14 v3.01 Basic AMSFonts support
\symAMSa=\mathgroup4
\symAMSb=\mathgroup5
LaTeX Font Info:    Redeclaring math symbol \hbar on input line 98.
LaTeX Font Info:    Overwriting math alphabet `\mathfrak' in version `bold'
(Font)                  U/euf/m/n --> U/euf/b/n on input line 106.
))
(/nix/store/56vq9r21wl8m731rsri7nh3l4ipih7jj-texlive-2025-r78234-final-env-texm
fdist/tex/latex/amscls/amsthm.sty
Package: amsthm 2020/05/29 v2.20.6
\thm@style=\toks28
\thm@bodyfont=\toks29
\thm@headfont=\toks30
\thm@notefont=\toks31
\thm@headpunct=\toks32
\thm@preskip=\skip61
\thm@postskip=\skip62
\thm@headsep=\skip63
\dth@everypar=\toks33
)
(/nix/store/56vq9r21wl8m731rsri7nh3l4ipih7jj-texlive-2025-r78234-final-env-texm
fdist/tex/latex/fancyvrb/fancyvrb.sty
Package: fancyvrb 2025/07/28 4.6 verbatim text (tvz,hv)
\FV@CodeLineNo=\count305
\FV@InFile=\read2
\FV@TabBox=\box57
\c@FancyVerbLine=\count306
\FV@StepNumber=\count307
\FV@OutFile=\write3
)
(/nix/store/56vq9r21wl8m731rsri7nh3l4ipih7jj-texlive-2025-r78234-final-env-texm
fdist/tex/latex/tools/longtable.sty
Package: longtable 2025-10-13 v4.24 Multi-page Table package (DPC)
\LTleft=\skip64
\LTright=\skip65
\LTpre=\skip66
\LTpost=\skip67
\LTchunksize=\count308
\LTcapwidth=\dimen186
\LT@head=\box58
\LT@firsthead=\box59
\LT@foot=\box60
\LT@lastfoot=\box61
\LT@gbox=\box62
\LT@cols=\count309
\LT@rows=\count310
\c@LT@tables=\count311
\c@LT@chunks=\count312
\LT@p@ftn=\toks34
)
(/nix/store/56vq9r21wl8m731rsri7nh3l4ipih7jj-texlive-2025-r78234-final-env-texm
fdist/tex/latex/tools/array.sty
Package: array 2025/09/25 v2.6n Tabular extension package (FMi)
\col@sep=\dimen187
\ar@mcellbox=\box63
\extrarowheight=\dimen188
\NC@list=\toks35
\extratabsurround=\skip68
\backup@length=\skip69
\ar@cellbox=\box64
)
(/nix/store/56vq9r21wl8m731rsri7nh3l4ipih7jj-texlive-2025-r78234-final-env-texm
fdist/tex/generic/babel/babel.sty
Package: babel 2026/02/14 v26.3 The multilingual framework for LuaLaTeX, pdfLaT
eX and XeLaTeX
\babel@savecnt=\count313
LaTeX Encoding Info:    Redeclaring text command \ij (encoding OT1) on input li
ne 2078.
LaTeX Encoding Info:    Redeclaring text command \IJ (encoding OT1) on input li
ne 2080.
LaTeX Encoding Info:    Redeclaring text command \ij (encoding T1) on input lin
e 2082.
LaTeX Encoding Info:    Redeclaring text command \IJ (encoding T1) on input lin
e 2083.
LaTeX Encoding Info:    Ignoring declaration for text command \ij (encoding ?) 
on input line 2084.
LaTeX Encoding Info:    Ignoring declaration for text command \IJ (encoding ?) 
on input line 2086.
LaTeX Encoding Info:    Ignoring declaration for text command \SS (encoding ?) 
on input line 2111.
\U@D=\dimen189
\l@unhyphenated=\language90

(/nix/store/56vq9r21wl8m731rsri7nh3l4ipih7jj-texlive-2025-r78234-final-env-texm
fdist/tex/generic/babel/txtbabel.def)
\bbl@readstream=\read3
\bbl@dirlevel=\count314

(/nix/store/56vq9r21wl8m731rsri7nh3l4ipih7jj-texlive-2025-r78234-final-env-texm
fdist/tex/generic/babel/locale/en/babel-english.tex)
(/nix/store/56vq9r21wl8m731rsri7nh3l4ipih7jj-texlive-2025-r78234-final-env-texm
fdist/tex/generic/babel/locale/ru/babel-russian.tex)
Package babel Info: Importing font and identification data for english
(babel)             from babel-en.ini. Reported on input line 4330.

(/nix/store/56vq9r21wl8m731rsri7nh3l4ipih7jj-texlive-2025-r78234-final-env-texm
fdist/tex/generic/babel-english/english.ldf
Language: english 2017/06/06 v3.3r English support from the babel system
Package babel Info: Hyphen rules for 'canadian' set to \l@english
(babel)             (\language0). Reported on input line 102.
Package babel Info: Hyphen rules for 'australian' set to \l@ukenglish
(babel)             (\language22). Reported on input line 105.
Package babel Info: Hyphen rules for 'newzealand' set to \l@ukenglish
(babel)             (\language22). Reported on input line 108.
)
Package babel Info: Importing font and identification data for russian
(babel)             from babel-ru.ini. Reported on input line 4330.

(/nix/store/56vq9r21wl8m731rsri7nh3l4ipih7jj-texlive-2025-r78234-final-env-texm
fdist/tex/generic/babel-russian/russianb.ldf
File: russianb.ldf 2021/01/10 1.3m Russian support for the Babel system
Language: russian 2020/09/09 1.3k Russian support for the Babel system
Package babel Info: Making " an active character on input line 124.
Package babel Info: Default for \cyrdash is provided on input line 163.
))
(/nix/store/56vq9r21wl8m731rsri7nh3l4ipih7jj-texlive-2025-r78234-final-env-texm
fdist/tex/latex/listings/listings.sty
\lst@mode=\count315
\lst@gtempboxa=\box65
\lst@token=\toks36
\lst@length=\count316
\lst@currlwidth=\dimen190
\lst@column=\count317
\lst@pos=\count318
\lst@lostspace=\dimen191
\lst@width=\dimen192
\lst@newlines=\count319
\lst@lineno=\count320
\lst@maxwidth=\dimen193

(/nix/store/56vq9r21wl8m731rsri7nh3l4ipih7jj-texlive-2025-r78234-final-env-texm
fdist/tex/latex/listings/lstpatch.sty
File: lstpatch.sty 2025/11/14 1.11b (Carsten Heinz)
)
(/nix/store/56vq9r21wl8m731rsri7nh3l4ipih7jj-texlive-2025-r78234-final-env-texm
fdist/tex/latex/listings/lstmisc.sty
File: lstmisc.sty 2025/11/14 1.11b (Carsten Heinz)
\c@lstnumber=\count321
\lst@skipnumbers=\count322
\lst@framebox=\box66
)
(/nix/store/56vq9r21wl8m731rsri7nh3l4ipih7jj-texlive-2025-r78234-final-env-texm
fdist/tex/latex/listings/listings.cfg
File: listings.cfg 2025/11/14 1.11b listings configuration
))
Package: listings 2025/11/14 1.11b (Carsten Heinz)

==> First Aid for listings.sty no longer applied!
    Expected:
        2024/09/23 1.10c (Carsten Heinz)
    but found:
        2025/11/14 1.11b (Carsten Heinz)
    so I'm assuming it got fixed.

(/nix/store/56vq9r21wl8m731rsri7nh3l4ipih7jj-texlive-2025-r78234-final-env-texm
fdist/tex/latex/hyperref/hyperref.sty
Package: hyperref 2026-01-29 v7.01p Hypertext links for LaTeX

(/nix/store/56vq9r21wl8m731rsri7nh3l4ipih7jj-texlive-2025-r78234-final-env-texm
fdist/tex/latex/kvsetkeys/kvsetkeys.sty
Package: kvsetkeys 2022-10-05 v1.19 Key value parser (HO)
)
(/nix/store/56vq9r21wl8m731rsri7nh3l4ipih7jj-texlive-2025-r78234-final-env-texm
fdist/tex/generic/kvdefinekeys/kvdefinekeys.sty
Package: kvdefinekeys 2019-12-19 v1.6 Define keys (HO)
)
(/nix/store/56vq9r21wl8m731rsri7nh3l4ipih7jj-texlive-2025-r78234-final-env-texm
fdist/tex/generic/pdfescape/pdfescape.sty
Package: pdfescape 2019/12/09 v1.15 Implements pdfTeX's escape features (HO)

(/nix/store/56vq9r21wl8m731rsri7nh3l4ipih7jj-texlive-2025-r78234-final-env-texm
fdist/tex/generic/ltxcmds/ltxcmds.sty
Package: ltxcmds 2023-12-04 v1.26 LaTeX kernel commands for general use (HO)
)
(/nix/store/56vq9r21wl8m731rsri7nh3l4ipih7jj-texlive-2025-r78234-final-env-texm
fdist/tex/generic/pdftexcmds/pdftexcmds.sty
Package: pdftexcmds 2020-06-27 v0.33 Utility functions of pdfTeX for LuaTeX (HO
)

(/nix/store/56vq9r21wl8m731rsri7nh3l4ipih7jj-texlive-2025-r78234-final-env-texm
fdist/tex/generic/infwarerr/infwarerr.sty
Package: infwarerr 2019/12/03 v1.5 Providing info/warning/error messages (HO)
)
Package pdftexcmds Info: \pdf@primitive is available.
Package pdftexcmds Info: \pdf@ifprimitive is available.
Package pdftexcmds Info: \pdfdraftmode found.
))
(/nix/store/56vq9r21wl8m731rsri7nh3l4ipih7jj-texlive-2025-r78234-final-env-texm
fdist/tex/latex/hycolor/hycolor.sty
Package: hycolor 2020-01-27 v1.10 Color options for hyperref/bookmark (HO)
)
(/nix/store/56vq9r21wl8m731rsri7nh3l4ipih7jj-texlive-2025-r78234-final-env-texm
fdist/tex/latex/hyperref/nameref.sty
Package: nameref 2026-01-29 v2.58 Cross-referencing by name of section

(/nix/store/56vq9r21wl8m731rsri7nh3l4ipih7jj-texlive-2025-r78234-final-env-texm
fdist/tex/latex/refcount/refcount.sty
Package: refcount 2019/12/15 v3.6 Data extraction from label references (HO)
)
(/nix/store/56vq9r21wl8m731rsri7nh3l4ipih7jj-texlive-2025-r78234-final-env-texm
fdist/tex/generic/gettitlestring/gettitlestring.sty
Package: gettitlestring 2019/12/15 v1.6 Cleanup title references (HO)

(/nix/store/56vq9r21wl8m731rsri7nh3l4ipih7jj-texlive-2025-r78234-final-env-texm
fdist/tex/latex/kvoptions/kvoptions.sty
Package: kvoptions 2022-06-15 v3.15 Key value format for package options (HO)
))
\c@section@level=\count323
)
(/nix/store/56vq9r21wl8m731rsri7nh3l4ipih7jj-texlive-2025-r78234-final-env-texm
fdist/tex/latex/etoolbox/etoolbox.sty
Package: etoolbox 2025/10/02 v2.5m e-TeX tools for LaTeX (JAW)
\etb@tempcnta=\count324
)
(/nix/store/56vq9r21wl8m731rsri7nh3l4ipih7jj-texlive-2025-r78234-final-env-texm
fdist/tex/generic/stringenc/stringenc.sty
Package: stringenc 2019/11/29 v1.12 Convert strings between diff. encodings (HO
)
)
\@linkdim=\dimen194
\Hy@linkcounter=\count325
\Hy@pagecounter=\count326

(/nix/store/56vq9r21wl8m731rsri7nh3l4ipih7jj-texlive-2025-r78234-final-env-texm
fdist/tex/latex/hyperref/pd1enc.def
File: pd1enc.def 2026-01-29 v7.01p Hyperref: PDFDocEncoding definition (HO)
Now handling font encoding PD1 ...
... no UTF-8 mapping file for font encoding PD1
)
(/nix/store/56vq9r21wl8m731rsri7nh3l4ipih7jj-texlive-2025-r78234-final-env-texm
fdist/tex/generic/intcalc/intcalc.sty
Package: intcalc 2019/12/15 v1.3 Expandable calculations with integers (HO)
)
\Hy@SavedSpaceFactor=\count327

(/nix/store/56vq9r21wl8m731rsri7nh3l4ipih7jj-texlive-2025-r78234-final-env-texm
fdist/tex/latex/hyperref/puenc.def
File: puenc.def 2026-01-29 v7.01p Hyperref: PDF Unicode definition (HO)
Now handling font encoding PU ...
... no UTF-8 mapping file for font encoding PU
)
Package hyperref Info: Option `unicode' set `true' on input line 3166.
Package hyperref Info: Option `colorlinks' set `true' on input line 4072.
Package hyperref Info: Hyper figures OFF on input line 4201.
Package hyperref Info: Link nesting OFF on input line 4206.
Package hyperref Info: Hyper index ON on input line 4209.
Package hyperref Info: Plain pages OFF on input line 4216.
Package hyperref Info: Backreferencing OFF on input line 4221.
Package hyperref Info: Implicit mode ON; LaTeX internals redefined.
Package hyperref Info: Bookmarks ON on input line 4468.
\c@Hy@tempcnt=\count328

(/nix/store/56vq9r21wl8m731rsri7nh3l4ipih7jj-texlive-2025-r78234-final-env-texm
fdist/tex/latex/url/url.sty
\Urlmuskip=\muskip18
Package: url 2013/09/16  ver 3.4  Verb mode for urls, etc.
)
LaTeX Info: Redefining \url on input line 4807.
\XeTeXLinkMargin=\dimen195

(/nix/store/56vq9r21wl8m731rsri7nh3l4ipih7jj-texlive-2025-r78234-final-env-texm
fdist/tex/generic/bitset/bitset.sty
Package: bitset 2019/12/09 v1.3 Handle bit-vector datatype (HO)

(/nix/store/56vq9r21wl8m731rsri7nh3l4ipih7jj-texlive-2025-r78234-final-env-texm
fdist/tex/generic/bigintcalc/bigintcalc.sty
Package: bigintcalc 2019/12/15 v1.5 Expandable calculations on big integers (HO
)
))
\Fld@menulength=\count329
\Field@Width=\dimen196
\Fld@charsize=\dimen197
Package hyperref Info: Hyper figures OFF on input line 6084.
Package hyperref Info: Link nesting OFF on input line 6089.
Package hyperref Info: Hyper index ON on input line 6092.
Package hyperref Info: backreferencing OFF on input line 6099.
Package hyperref Info: Link coloring ON on input line 6102.
Package hyperref Info: Link coloring with OCG OFF on input line 6109.
Package hyperref Info: PDF/A mode OFF on input line 6114.
\Hy@abspage=\count330
\c@Item=\count331
\c@Hfootnote=\count332
)
Package hyperref Info: Driver (autodetected): hpdftex.

(/nix/store/56vq9r21wl8m731rsri7nh3l4ipih7jj-texlive-2025-r78234-final-env-texm
fdist/tex/latex/hyperref/hpdftex.def
File: hpdftex.def 2026-01-29 v7.01p Hyperref driver for pdfTeX
\Fld@listcount=\count333
\c@bookmark@seq@number=\count334

(/nix/store/56vq9r21wl8m731rsri7nh3l4ipih7jj-texlive-2025-r78234-final-env-texm
fdist/tex/latex/rerunfilecheck/rerunfilecheck.sty
Package: rerunfilecheck 2025-06-21 v1.11 Rerun checks for auxiliary files (HO)

(/nix/store/56vq9r21wl8m731rsri7nh3l4ipih7jj-texlive-2025-r78234-final-env-texm
fdist/tex/generic/uniquecounter/uniquecounter.sty
Package: uniquecounter 2019/12/15 v1.4 Provide unlimited unique counter (HO)
)
Package uniquecounter Info: New unique counter `rerunfilecheck' on input line 2
84.
)
\Hy@SectionHShift=\skip70
)
(/nix/store/56vq9r21wl8m731rsri7nh3l4ipih7jj-texlive-2025-r78234-final-env-texm
fdist/tex/latex/float/float.sty
Package: float 2001/11/08 v1.3d Float enhancements (AL)
\c@float@type=\count335
\float@exts=\toks37
\float@box=\box67
\@float@everytoks=\toks38
\@floatcapt=\box68
)
(/nix/store/56vq9r21wl8m731rsri7nh3l4ipih7jj-texlive-2025-r78234-final-env-texm
fdist/tex/latex/tools/tabularx.sty
Package: tabularx 2023/12/11 v2.12a `tabularx' package (DPC)
\TX@col@width=\dimen198
\TX@old@table=\dimen199
\TX@old@col=\dimen256
\TX@target=\dimen257
\TX@delta=\dimen258
\TX@cols=\count336
\TX@ftn=\toks39
)
(/nix/store/56vq9r21wl8m731rsri7nh3l4ipih7jj-texlive-2025-r78234-final-env-texm
fdist/tex/latex/booktabs/booktabs.sty
Package: booktabs 2020/01/12 v1.61803398 Publication quality tables
\heavyrulewidth=\dimen259
\lightrulewidth=\dimen260
\cmidrulewidth=\dimen261
\belowrulesep=\dimen262
\belowbottomsep=\dimen263
\aboverulesep=\dimen264
\abovetopsep=\dimen265
\cmidrulesep=\dimen266
\cmidrulekern=\dimen267
\defaultaddspace=\dimen268
\@cmidla=\count337
\@cmidlb=\count338
\@aboverulesep=\dimen269
\@belowrulesep=\dimen270
\@thisruleclass=\count339
\@lastruleclass=\count340
\@thisrulewidth=\dimen271
)
(/nix/store/56vq9r21wl8m731rsri7nh3l4ipih7jj-texlive-2025-r78234-final-env-texm
fdist/tex/latex/l3backend/l3backend-pdftex.def
File: l3backend-pdftex.def 2025-10-09 L3 backend support: PDF output (pdfTeX)
\l__color_backend_stack_int=\count341
) (./–ö—É—Ä—Å–æ–≤–∞—è.aux
Package babel Info: 'russian' activates 'russian' shorthands.
(babel)             Reported on input line 8.
)
\openout1 = `–ö—É—Ä—Å–æ–≤–∞—è.aux'.

LaTeX Font Info:    Checking defaults for OML/cmm/m/it on input line 57.
LaTeX Font Info:    ... okay on input line 57.
LaTeX Font Info:    Checking defaults for OMS/cmsy/m/n on input line 57.
LaTeX Font Info:    ... okay on input line 57.
LaTeX Font Info:    Checking defaults for OT1/cmr/m/n on input line 57.
LaTeX Font Info:    ... okay on input line 57.
LaTeX Font Info:    Checking defaults for T1/cmr/m/n on input line 57.
LaTeX Font Info:    ... okay on input line 57.
LaTeX Font Info:    Checking defaults for TS1/cmr/m/n on input line 57.
LaTeX Font Info:    ... okay on input line 57.
LaTeX Font Info:    Checking defaults for OMX/cmex/m/n on input line 57.
LaTeX Font Info:    ... okay on input line 57.
LaTeX Font Info:    Checking defaults for U/cmr/m/n on input line 57.
LaTeX Font Info:    ... okay on input line 57.
LaTeX Font Info:    Checking defaults for T2A/cmr/m/n on input line 57.
LaTeX Font Info:    ... okay on input line 57.
LaTeX Font Info:    Checking defaults for PD1/pdf/m/n on input line 57.
LaTeX Font Info:    ... okay on input line 57.
LaTeX Font Info:    Checking defaults for PU/pdf/m/n on input line 57.
LaTeX Font Info:    ... okay on input line 57.

*geometry* driver: auto-detecting
*geometry* detected driver: pdftex
*geometry* verbose mode - [ preamble ] result:
* driver: pdftex
* paper: a4paper
* layout: <same size as paper>
* layoutoffset:(h,v)=(0.0pt,0.0pt)
* modes: 
* h-part:(L,W,R)=(71.13188pt, 483.69687pt, 42.67912pt)
* v-part:(T,H,B)=(56.9055pt, 731.23584pt, 56.9055pt)
* \paperwidth=597.50787pt
* \paperheight=845.04684pt
* \textwidth=483.69687pt
* \textheight=731.23584pt
* \oddsidemargin=-1.1381pt
* \evensidemargin=-1.1381pt
* \topmargin=-15.36449pt
* \headheight=0.0pt
* \headsep=0.0pt
* \topskip=14.0pt
* \footskip=28.45274pt
* \marginparwidth=24.0pt
* \marginparsep=10.0pt
* \columnsep=10.0pt
* \skip\footins=12.0pt plus 4.0pt minus 2.0pt
* \hoffset=0.0pt
* \voffset=0.0pt
* \mag=1000
* \@twocolumnfalse
* \@twosidefalse
* \@mparswitchfalse
* \@reversemarginfalse
* (1in=72.27pt=25.4mm, 1cm=28.453pt)

Package caption Info: Begin \AtBeginDocument code.
Package caption Info: Option `justification=RaggedRight' requires the `ragged2e
' package on input line 57.

(/nix/store/56vq9r21wl8m731rsri7nh3l4ipih7jj-texlive-2025-r78234-final-env-texm
fdist/tex/latex/ragged2e/ragged2e.sty
Package: ragged2e 2023/06/22 v3.6 ragged2e Package
\CenteringLeftskip=\skip71
\RaggedLeftLeftskip=\skip72
\RaggedRightLeftskip=\skip73
\CenteringRightskip=\skip74
\RaggedLeftRightskip=\skip75
\RaggedRightRightskip=\skip76
\CenteringParfillskip=\skip77
\RaggedLeftParfillskip=\skip78
\RaggedRightParfillskip=\skip79
\JustifyingParfillskip=\skip80
\CenteringParindent=\skip81
\RaggedLeftParindent=\skip82
\RaggedRightParindent=\skip83
\JustifyingParindent=\skip84
)
Package caption Info: float package is loaded.
Package caption Info: hyperref package is loaded.
Package caption Info: listings package is loaded.
Package caption Info: longtable package is loaded.

(/nix/store/56vq9r21wl8m731rsri7nh3l4ipih7jj-texlive-2025-r78234-final-env-texm
fdist/tex/latex/caption/ltcaption.sty
Package: ltcaption 2021/01/08 v1.4c longtable captions (AR)
)
Package caption Info: End \AtBeginDocument code.

(/nix/store/56vq9r21wl8m731rsri7nh3l4ipih7jj-texlive-2025-r78234-final-env-texm
fdist/tex/context/base/mkii/supp-pdf.mkii
[Loading MPS to PDF converter (version 2006.09.02).]
\scratchcounter=\count342
\scratchdimen=\dimen272
\scratchbox=\box69
\nofMPsegments=\count343
\nofMParguments=\count344
\everyMPshowfont=\toks40
\MPscratchCnt=\count345
\MPscratchDim=\dimen273
\MPnumerator=\count346
\makeMPintoPDFobject=\count347
\everyMPtoPDFconversion=\toks41
)
(/nix/store/56vq9r21wl8m731rsri7nh3l4ipih7jj-texlive-2025-r78234-final-env-texm
fdist/tex/latex/epstopdf-pkg/epstopdf-base.sty
Package: epstopdf-base 2020-01-24 v2.11 Base part for package epstopdf
Package epstopdf-base Info: Redefining graphics rule for `.eps' on input line 4
85.

(/nix/store/56vq9r21wl8m731rsri7nh3l4ipih7jj-texlive-2025-r78234-final-env-texm
fdist/tex/latex/latexconfig/epstopdf-sys.cfg
File: epstopdf-sys.cfg 2010/07/13 v1.3 Configuration of (r)epstopdf for TeX Liv
e
))
LaTeX Info: Redefining \th on input line 57.
\c@lstlisting=\count348

(/nix/store/56vq9r21wl8m731rsri7nh3l4ipih7jj-texlive-2025-r78234-final-env-texm
fdist/tex/latex/graphics/color.sty
Package: color 2025/01/14 v1.3e Standard LaTeX Color (DPC)

(/nix/store/56vq9r21wl8m731rsri7nh3l4ipih7jj-texlive-2025-r78234-final-env-texm
fdist/tex/latex/graphics-cfg/color.cfg
File: color.cfg 2016/01/02 v1.6 sample color configuration
)
Package color Info: Driver file: pdftex.def on input line 149.

(/nix/store/56vq9r21wl8m731rsri7nh3l4ipih7jj-texlive-2025-r78234-final-env-texm
fdist/tex/latex/graphics/mathcolor.ltx))
Package hyperref Info: Link coloring ON on input line 57.
 (./–ö—É—Ä—Å–æ–≤–∞—è.out)
(./–ö—É—Ä—Å–æ–≤–∞—è.out)
\@outlinefile=\write4
\openout4 = `–ö—É—Ä—Å–æ–≤–∞—è.out'.

 [1

{/nix/store/r7gn7hcb8x4841dr354gj720w1dx3ns9-texlive-2025-r78234-final-env/shar
e/texmf-var/fonts/map/pdftex/updmap/pdftex.map}{/nix/store/56vq9r21wl8m731rsri7
nh3l4ipih7jj-texlive-2025-r78234-final-env-texmfdist/fonts/enc/dvips/cm-super/c
m-super-t2a.enc}] (./–ö—É—Ä—Å–æ–≤–∞—è.toc
LaTeX Font Info:    Trying to load font information for U+msa on input line 2.

(/nix/store/56vq9r21wl8m731rsri7nh3l4ipih7jj-texlive-2025-r78234-final-env-texm
fdist/tex/latex/amsfonts/umsa.fd
File: umsa.fd 2013/01/14 v3.01 AMS symbols A
)
LaTeX Font Info:    Trying to load font information for U+msb on input line 2.

(/nix/store/56vq9r21wl8m731rsri7nh3l4ipih7jj-texlive-2025-r78234-final-env-texm
fdist/tex/latex/amsfonts/umsb.fd
File: umsb.fd 2013/01/14 v3.01 AMS symbols B
)
Overfull \hbox (17.27573pt too wide) in paragraph at lines 13--13
 [][] [][][]\T2A/cmr/m/n/14.4 –ýÁý·ÓÚÍý Ë ÚÂ-ÒÚË-Ó-‚ý-ÌËÂ ÒË-ÒÚÂ-Ï˚ Â-ýÎ¸-ÌÓ
-„Ó ‚Â-ÏÂ-ÌË Ìý ·ý-ÁÂ MangoPi 
 []

)
\tf@toc=\write5
\openout5 = `–ö—É—Ä—Å–æ–≤–∞—è.toc'.

 [2

]
LaTeX Font Info:    Trying to load font information for T2A+cmtt on input line 
137.

(/nix/store/56vq9r21wl8m731rsri7nh3l4ipih7jj-texlive-2025-r78234-final-env-texm
fdist/tex/latex/cyrillic/t2acmtt.fd
File: t2acmtt.fd 2001/08/11 v1.0a Computer Modern Cyrillic font definitions
) [3

] [4] [5

] [6] [7]
Overfull \hbox (2.29253pt too wide) in paragraph at lines 185--186
[]\T2A/cmr/m/n/14.4  ÓÌÍÂÚÌýˇ ÎÓ-„Ë-Íý ‚˚-·Ó-ý ÒÎÂ-‰Û-˛-˘ÂÈ Áý-‰ý-˜Ë Áý-‰ý-ºÚ
-Òˇ ýÎ-„Ó-ËÚ-ÏÓÏ ÔÎý-
 []


Overfull \hbox (0.43985pt too wide) in paragraph at lines 185--186
\T2A/cmr/m/n/14.4 ÌË-Ó-‚ý-ÌËˇ. ¡ÓÎ¸-¯ËÌ-ÒÚ‚Ó ÒÓ-‚Â-ÏÂÌ-Ì˚ı ˇ‰Â ÔÓ‰-‰Â-ÊË-‚ý
-˛Ú ‰‚ý ÓÒ-ÌÓ‚-Ì˚ı ÔÓ‰-
 []


Overfull \hbox (6.93663pt too wide) in paragraph at lines 185--186
\T2A/cmr/m/n/14.4 ıÓ-‰ý: ‚˚-ÚÂÒ-Ìˇ-˛-˘ÂÂ ÔÎý-ÌË-Ó-‚ý-ÌËÂ Ìý ÓÒ-ÌÓ-‚Â ÔË-Ó-Ë-
ÚÂ-ÚÓ‚ Ë ˆËÍ-ÎË-˜Â-ÒÍÓÂ (\T2A/cmr/m/it/14.4 round-
 []

[8]
Overfull \hbox (10.34575pt too wide) in paragraph at lines 202--203
[]\T2A/cmr/m/n/14.4 œÂ‰ÓÒÚý‚ÎÂÌËÂ API ÒË-ÒÚÂÏ-Ì˚ı ‚˚-ÁÓ-‚Ó‚ ‰Îˇ ÔÓÎ¸-ÁÓ-‚ý-ÚÂÎ
¸-ÒÍËı ÔÓ-„ýÏÏ. 
 []

[9]
Underfull \hbox (badness 10000) in paragraph at lines 218--219
[]\T2A/cmtt/m/n/14.4 SCHED_RR \T2A/cmr/m/n/14.4 (\T2A/cmr/m/it/14.4 Round-Robin
\T2A/cmr/m/n/14.4 ) ^^V ˆËÍ-ÎË-˜Â-ÒÍËÈ Â-ÊËÏ, ýÌý-ÎÓ-„Ë˜-Ì˚È
 []

[10] [11]
Overfull \hbox (0.24547pt too wide) in paragraph at lines 253--254
[]\T2A/cmr/bx/n/14.4 SPL (Secondary Program Loader). \T2A/cmr/m/n/14.4  ÓÏ-ÔýÍÚ
-Ìýˇ ‚Â-ÒËˇ U-Boot, ÔÂ‰-
 []

[12] [13

]
Package hyperref Info: bookmark level for unknown lstlisting defaults to 0 on i
nput line 299.
 [14] [15]
<linux_config_menu.png, id=300, 1925.1925pt x 1078.0275pt>
File: linux_config_menu.png Graphic file (type png)
<use linux_config_menu.png>
Package pdftex.def Info: linux_config_menu.png  used on input line 361.
(pdftex.def)             Requested size: 398.33858pt x 223.03679pt.
 [16 <./linux_config_menu.png (PNG copy)>] [17]
Underfull \hbox (badness 10000) in paragraph at lines 411--412
\T2A/cmr/m/n/14.4 ‰ÂÎ Áý-„ÛÁ-˜Ë-Íý U-Boot ÚÂ-·Û-ÂÚ ËÒ-ÔÓÎ¸-ÁÓ-‚ý-ÌËˇ ÙýÈ-ÎÓ-‚
ÓÈ ÒË-ÒÚÂ-Ï˚
 []


Underfull \hbox (badness 10000) in paragraph at lines 425--426
\T2A/cmr/m/n/14.4 ˇ‰-ý Linux (\T2A/cmtt/m/n/14.4 Image\T2A/cmr/m/n/14.4 ) Ë ·Ë
-Ìý-Ì˚È ÙýÈÎ ‰Â-Â-‚ý ÛÒÚÓÈÒÚ‚
 []


Underfull \hbox (badness 10000) in paragraph at lines 427--428
\T2A/cmr/m/n/14.4 ÂÚ-Òˇ ‰Ë-ÂÍ-ÚÓ-Ëˇ \T2A/cmtt/m/n/14.4 extlinux\T2A/cmr/m/n/1
4.4 , ÒÓ-‰Â-Êý-˘ýˇ ÍÓÌ-ÙË-„Û-ý-ˆË-ÓÌ-Ì˚È ÙýÈÎ
 []

[18]
<os_starting.png, id=367, 245.9589pt x 151.2852pt>
File: os_starting.png Graphic file (type png)
<use os_starting.png>
Package pdftex.def Info: os_starting.png  used on input line 445.
(pdftex.def)             Requested size: 398.33858pt x 245.02988pt.
 [19 <./os_starting.png>]
<header.png, id=380, 896.34875pt x 546.04pt>
File: header.png Graphic file (type png)
<use header.png>
Package pdftex.def Info: header.png  used on input line 459.
(pdftex.def)             Requested size: 341.43306pt x 207.98894pt.
 [20 <./header.png>] [21]
Overfull \hbox (1.53723pt too wide) in paragraph at lines 528--529
[]\T2A/cmr/m/n/14.4 ƒÎˇ ÍýÊ-‰Ó-„Ó ‚ý-Ë-ýÌ-Úý ÍÓÌ-ÙË-„Û-ý-ˆËË ·˚-Îý ‚˚-ÔÓÎ-ÌÂ-
Ìý „Â-ÌÂ-ý-ˆËˇ Ë ÙËÍ-
 []

[22] [23]
Underfull \hbox (badness 3735) in paragraph at lines 579--580
[]\T2A/cmr/m/n/14.4 –ÂÁÛÎ¸ÚýÚ˚ ÔÓ-Íý-Á˚-‚ý-˛Ú, ˜ÚÓ Ìý-ÁÌý-˜Â-ÌËÂ ÌýË-‚˚Ò-¯Â-„Ó 
ÔË-Ó-Ë-ÚÂ-Úý
 []

[24]
Overfull \hbox (2.6854pt too wide) in paragraph at lines 589--590
\T2A/cmr/m/n/14.4 ÒÚÓÈ-ÍÂ ÔË-Ó-Ë-ÚÂ-ÚÓ‚ ˇ‰-Ó \T2A/cmtt/m/n/14.4 PREEMPT_RT 
\T2A/cmr/m/n/14.4 ˝Ù-ÙÂÍ-ÚË‚-ÌÂÂ Ó„ý-ÌË-˜Ë-‚ý-ÂÚ ÏýÍ-ÒË-ÏýÎ¸-
 []

[25] [26

]
Underfull \hbox (badness 10000) in paragraph at lines 613--614
[]\T2A/cmr/m/n/14.4 The Linux Kernel documentation [ðÎÂÍ-ÚÓÌ-Ì˚È Â-ÒÛÒ] URL:

 []


Underfull \hbox (badness 10000) in paragraph at lines 616--617
[]\T2A/cmr/m/n/14.4 Devicetree documentation [ðÎÂÍ-ÚÓÌ-Ì˚È Â-ÒÛÒ] URL:
 []


Underfull \hbox (badness 10000) in paragraph at lines 616--617
\T2A/cmr/m/n/14.4 https://docs.kernel.org/devicetree/usage-model.html (‰ý-Úý Ó·
-ý-˘Â-ÌËˇ:
 []


Underfull \hbox (badness 6220) in paragraph at lines 617--618
[]\T2A/cmr/m/n/14.4 U-Boot documentation [ðÎÂÍ-ÚÓÌ-Ì˚È Â-ÒÛÒ] URL: https://d
ocs.u-
 []


Underfull \hbox (badness 10000) in paragraph at lines 618--619
[]\T2A/cmr/m/n/14.4 MangoPi MQ Pro documentation [ðÎÂÍ-ÚÓÌ-Ì˚È Â-ÒÛÒ] URL:
 []


Underfull \hbox (badness 10000) in paragraph at lines 619--620
[]\T2A/cmr/m/n/14.4 Arduino documentation [ðÎÂÍ-ÚÓÌ-Ì˚È Â-ÒÛÒ] URL:
 []


Underfull \hbox (badness 10000) in paragraph at lines 620--621
[]\T2A/cmr/m/n/14.4 AltLinux kernel source [ðÎÂÍ-ÚÓÌ-Ì˚È Â-ÒÛÒ] URL:
 []


Underfull \hbox (badness 10000) in paragraph at lines 620--621
\T2A/cmr/m/n/14.4 https://git.altlinux.org/gears/k/kernel-source-6.16.git (‰ý-Ú
ý Ó·-ý-˘Â-ÌËˇ:
 []


Underfull \hbox (badness 7273) in paragraph at lines 623--624
[]\T2A/cmr/m/n/14.4 PREEMPT_RT setup guide [ðÎÂÍ-ÚÓÌ-Ì˚È Â-ÒÛÒ] URL: $\T2A/c
mtt/m/n/14.4 https :
 []


Underfull \hbox (badness 10000) in paragraph at lines 623--624
\T2A/cmtt/m/n/14.4 / / wiki . linuxfoundation . org / realtime / documentation 
/ howto /
 []


Underfull \hbox (badness 10000) in paragraph at lines 624--625
[]\T2A/cmr/m/n/14.4 AltLinux U-Boot source [ðÎÂÍ-ÚÓÌ-Ì˚È Â-ÒÛÒ] URL:
 []


Underfull \hbox (badness 10000) in paragraph at lines 624--625
\T2A/cmr/m/n/14.4 https://packages.altlinux.org/ru/sisyphus_riscv64/binary/u-bo
ot-sunxi-
 []


Underfull \hbox (badness 10000) in paragraph at lines 625--626
[]\T2A/cmr/m/n/14.4 AltLinux rootfs source [ðÎÂÍ-ÚÓÌ-Ì˚È Â-ÒÛÒ] URL:
 []

[27

]
Underfull \hbox (badness 10000) in paragraph at lines 626--627
[]\T2A/cmr/m/n/14.4 dd utility manual page [ðÎÂÍ-ÚÓÌ-Ì˚È Â-ÒÛÒ] URL:
 []


Underfull \hbox (badness 10000) in paragraph at lines 626--627
\T2A/cmr/m/n/14.4 https://man7.org/linux/man-pages/man1/dd.1.html (‰ý-Úý Ó·-ý-
˘Â-ÌËˇ:
 []


Underfull \hbox (badness 10000) in paragraph at lines 627--628
[]\T2A/cmr/m/n/14.4 fdisk manual page [ðÎÂÍ-ÚÓÌ-Ì˚È Â-ÒÛÒ] URL:
 []


Underfull \hbox (badness 4846) in paragraph at lines 627--628
\T2A/cmr/m/n/14.4 https://man7.org/linux/man-pages/man8/fdisk.8.html (‰ý-Úý Ó·-
ý-˘Â-ÌËˇ:
 []


Underfull \hbox (badness 10000) in paragraph at lines 628--629
[]\T2A/cmr/m/n/14.4 FAT filesystem documentation [ðÎÂÍ-ÚÓÌ-Ì˚È Â-ÒÛÒ] URL:
 []


Underfull \hbox (badness 10000) in paragraph at lines 629--630
[]\T2A/cmr/m/n/14.4 Ext4 filesystem documentation [ðÎÂÍ-ÚÓÌ-Ì˚È Â-ÒÛÒ] URL:
 []


Underfull \hbox (badness 10000) in paragraph at lines 629--630
\T2A/cmr/m/n/14.4 https://docs.kernel.org/filesystems/ext4/index.html (‰ý-Úý Ó·
-ý-˘Â-ÌËˇ:
 []


Underfull \hbox (badness 10000) in paragraph at lines 630--631
[]\T2A/cmr/m/n/14.4 libgpio documentation [ðÎÂÍ-ÚÓÌ-Ì˚È Â-ÒÛÒ] URL:
 []


Underfull \hbox (badness 10000) in paragraph at lines 631--632
[]\T2A/cmr/m/n/14.4 stress utility manual page [ðÎÂÍ-ÚÓÌ-Ì˚È Â-ÒÛÒ] URL:
 []

[28] [29

] [30] [31] [32

] [33] [34] [35] [36

] [37] [38] [39]
(./–ö—É—Ä—Å–æ–≤–∞—è.aux)
 ***********
LaTeX2e <2025-11-01>
L3 programming layer <2026-01-19>
 ***********
Package rerunfilecheck Info: File `–ö—É—Ä—Å–æ–≤–∞—è.out' has not changed.
(rerunfilecheck)             Checksum: B8D8491992F61A8627AD803D8347E184;8166.
 ) 
Here is how much of TeX's memory you used:
 18180 strings out of 467535
 294445 string characters out of 5388798
 852172 words of memory out of 5000000
 46352 multiletter control sequences out of 15000+600000
 635042 words of font info for 58 fonts, out of 8000000 for 9000
 1141 hyphenation exceptions out of 8191
 75i,11n,79p,1186b,2000s stack positions out of 10000i,1000n,20000p,200000b,200000s
</nix/store/56vq9r21wl8m731rsri7nh3l4ipih7jj-texlive-2025-r78234-final-env-te
xmfdist/fonts/type1/public/cm-super/sfbx1440.pfb></nix/store/56vq9r21wl8m731rsr
i7nh3l4ipih7jj-texlive-2025-r78234-final-env-texmfdist/fonts/type1/public/cm-su
per/sfrm0800.pfb></nix/store/56vq9r21wl8m731rsri7nh3l4ipih7jj-texlive-2025-r782
34-final-env-texmfdist/fonts/type1/public/cm-super/sfrm1440.pfb></nix/store/56v
q9r21wl8m731rsri7nh3l4ipih7jj-texlive-2025-r78234-final-env-texmfdist/fonts/typ
e1/public/cm-super/sfti1440.pfb></nix/store/56vq9r21wl8m731rsri7nh3l4ipih7jj-te
xlive-2025-r78234-final-env-texmfdist/fonts/type1/public/cm-super/sftt1200.pfb>
</nix/store/56vq9r21wl8m731rsri7nh3l4ipih7jj-texlive-2025-r78234-final-env-texm
fdist/fonts/type1/public/cm-super/sftt1440.pfb>
Output written on –ö—É—Ä—Å–æ–≤–∞—è.pdf (39 pages, 598625 bytes).
PDF statistics:
 939 PDF objects out of 1000 (max. 8388607)
 869 compressed objects within 9 object streams
 498 named destinations out of 1000 (max. 500000)
 240 words of extra memory for PDF output out of 10000 (max. 10000000)

