\BOOKMARK [1][-]{section*.1}{\376\377\004\022\004\022\004\025\004\024\004\025\004\035\004\030\004\025}{}% 1
\BOOKMARK [1][-]{section.1}{\376\377\004\036\004\101\004\075\004\076\004\062\004\113\000\040\004\076\004\077\004\065\004\100\004\060\004\106\004\070\004\076\004\075\004\075\004\113\004\105\000\040\004\101\004\070\004\101\004\102\004\065\004\074\000\040\004\100\004\065\004\060\004\073\004\114\004\075\004\076\004\063\004\076\000\040\004\062\004\100\004\065\004\074\004\065\004\075\004\070\000\040\004\070\000\040\004\060\004\100\004\105\004\070\004\102\004\065\004\072\004\102\004\103\004\100\004\113\000\040\000L\000i\000n\000u\000x}{}% 2
\BOOKMARK [2][-]{subsection.1.1}{\376\377\004\036\004\077\004\065\004\100\004\060\004\106\004\070\004\076\004\075\004\075\004\113\004\065\000\040\004\101\004\070\004\101\004\102\004\065\004\074\004\113\000\040\004\100\004\065\004\060\004\073\004\114\004\075\004\076\004\063\004\076\000\040\004\062\004\100\004\065\004\074\004\065\004\075\004\070\000\040\000\050\000R\000T\000O\000S\000\051}{section.1}% 3
\BOOKMARK [3][-]{subsubsection.1.1.1}{\376\377\004\036\004\101\004\075\004\076\004\062\004\075\004\060\004\117\000\040\004\070\004\075\004\104\004\076\004\100\004\074\004\060\004\106\004\070\004\117}{subsection.1.1}% 4
\BOOKMARK [3][-]{subsubsection.1.1.2}{\376\377\004\037\004\073\004\060\004\075\004\070\004\100\004\076\004\062\004\111\004\070\004\072\000\040\004\036\004\041\004\040\004\022}{subsection.1.1}% 5
\BOOKMARK [2][-]{subsection.1.2}{\376\377\004\057\004\064\004\100\004\076\000\040\000L\000i\000n\000u\000x}{section.1}% 6
\BOOKMARK [3][-]{subsubsection.1.2.1}{\376\377\004\036\004\101\004\075\004\076\004\062\004\075\004\113\004\065\000\040\004\077\004\076\004\075\004\117\004\102\004\070\004\117}{subsection.1.2}% 7
\BOOKMARK [3][-]{subsubsection.1.2.2}{\376\377\004\057\004\064\004\100\004\076\000\040\000L\000i\000n\000u\000x\000\040\004\062\000\040\004\072\004\060\004\107\004\065\004\101\004\102\004\062\004\065\000\040\004\117\004\064\004\100\004\060\000\040\004\064\004\073\004\117\000\040\004\036\004\041\004\040\004\022}{subsection.1.2}% 8
\BOOKMARK [3][-]{subsubsection.1.2.3}{\376\377\004\037\004\076\004\102\004\076\004\072\004\076\004\062\004\113\004\065\000\040\004\077\004\100\004\065\004\100\004\113\004\062\004\060\004\075\004\070\004\117\000\040\004\070\000\040\004\077\004\073\004\060\004\075\004\070\004\100\004\076\004\062\004\060\004\075\004\070\004\065\000\040\004\062\000\040\000P\000R\000E\000E\000M\000P\000T\000\137\000R\000T}{subsection.1.2}% 9
\BOOKMARK [3][-]{subsubsection.1.2.4}{\376\377\004\024\004\065\004\100\004\065\004\062\004\076\000\040\004\103\004\101\004\102\004\100\004\076\004\071\004\101\004\102\004\062}{subsection.1.2}% 10
\BOOKMARK [2][-]{subsection.1.3}{\376\377\004\027\004\060\004\063\004\100\004\103\004\067\004\107\004\070\004\072\000\040\000U\000-\000B\000o\000o\000t}{section.1}% 11
\BOOKMARK [1][-]{section.2}{\376\377\004\040\004\060\004\067\004\100\004\060\004\061\004\076\004\102\004\072\004\060\000\040\004\070\000\040\004\102\004\065\004\101\004\102\004\070\004\100\004\076\004\062\004\060\004\075\004\070\004\065\000\040\004\101\004\070\004\101\004\102\004\065\004\074\004\113\000\040\004\100\004\065\004\060\004\073\004\114\004\075\004\076\004\063\004\076\000\040\004\062\004\100\004\065\004\074\004\065\004\075\004\070\000\040\004\075\004\060\000\040\004\061\004\060\004\067\004\065\000\040\000M\000a\000n\000g\000o\000P\000i\000\040\000M\000Q\000\040\000P\000r\000o}{}% 12
\BOOKMARK [2][-]{subsection.2.1}{\376\377\004\037\004\076\004\101\004\102\004\060\004\075\004\076\004\062\004\072\004\060\000\040\004\067\004\060\004\064\004\060\004\107\004\070}{section.2}% 13
\BOOKMARK [2][-]{subsection.2.2}{\376\377\004\032\004\076\004\074\004\077\004\070\004\073\004\117\004\106\004\070\004\117\000\040\004\117\004\064\004\100\004\060\000\040\000L\000i\000n\000u\000x}{section.2}% 14
\BOOKMARK [2][-]{subsection.2.3}{\376\377\004\041\004\076\004\067\004\064\004\060\004\075\004\070\004\065\000\040\004\076\004\061\004\100\004\060\004\067\004\060\000\040\004\101\004\070\004\101\004\102\004\065\004\074\004\113\000\040\004\064\004\073\004\117\000\040\000M\000a\000n\000g\000o\000P\000i\000\040\000M\000Q\000\040\000P\000r\000o}{section.2}% 15
\BOOKMARK [2][-]{subsection.2.4}{\376\377\004\041\004\076\004\067\004\064\004\060\004\075\004\070\004\065\000\040\004\077\004\100\004\076\004\063\004\100\004\060\004\074\004\074\004\075\004\076\004\063\004\076\000\040\004\076\004\061\004\065\004\101\004\077\004\065\004\107\004\065\004\075\004\070\004\117\000\040\004\064\004\073\004\117\000\040\004\102\004\065\004\101\004\102\004\070\004\100\004\076\004\062\004\060\004\075\004\070\004\117\000\040\004\101\004\070\004\101\004\102\004\065\004\074\004\113\000\040\004\100\004\065\004\060\004\073\004\114\004\075\004\076\004\063\004\076\000\040\004\062\004\100\004\065\004\074\004\065\004\075\004\070}{section.2}% 16
\BOOKMARK [2][-]{subsection.2.5}{\376\377\004\041\004\061\004\076\004\100\004\072\004\060\000\040\004\101\004\105\004\065\004\074\004\113\000\040\004\070\000\040\004\077\004\100\004\076\004\062\004\065\004\100\004\072\004\060\000\040\004\100\004\060\004\061\004\076\004\102\004\113}{section.2}% 17
\BOOKMARK [3][-]{subsubsection.2.5.1}{\376\377\004\030\004\067\004\074\004\065\004\100\004\065\004\075\004\070\004\065\000\040\004\101\000\040\004\076\004\101\004\106\004\070\004\073\004\073\004\076\004\063\004\100\004\060\004\104\004\076\004\074}{subsection.2.5}% 18
\BOOKMARK [3][-]{subsubsection.2.5.2}{\376\377\004\037\004\100\004\076\004\063\004\100\004\060\004\074\004\074\004\075\004\076\004\065\000\040\004\070\004\067\004\074\004\065\004\100\004\065\004\075\004\070\004\065}{subsection.2.5}% 19
\BOOKMARK [2][-]{subsection.2.6}{\376\377\004\020\004\075\004\060\004\073\004\070\004\067\000\040\004\100\004\065\004\067\004\103\004\073\004\114\004\102\004\060\004\102\004\076\004\062}{section.2}% 20
\BOOKMARK [3][-]{subsubsection.2.6.1}{\376\377\004\022\004\073\004\070\004\117\004\075\004\070\004\065\000\040\004\077\004\100\004\070\004\076\004\100\004\070\004\102\004\065\004\067\004\060\004\106\004\070\004\070\000\040\004\067\004\060\004\064\004\060\004\107}{subsection.2.6}% 21
\BOOKMARK [3][-]{subsubsection.2.6.2}{\376\377\004\041\004\100\004\060\004\062\004\075\004\065\004\075\004\070\004\065\000\040\004\101\004\100\004\065\004\064\004\075\004\070\004\105\000\040\004\067\004\060\004\064\004\065\004\100\004\066\004\065\004\072}{subsection.2.6}% 22
\BOOKMARK [3][-]{subsubsection.2.6.3}{\376\377\004\020\004\075\004\060\004\073\004\070\004\067\000\040\004\075\004\060\004\070\004\105\004\103\004\064\004\110\004\065\004\063\004\076\000\040\004\062\004\100\004\065\004\074\004\065\004\075\004\070\000\040\004\076\004\102\004\072\004\073\004\070\004\072\004\060}{subsection.2.6}% 23
\BOOKMARK [1][-]{section*.9}{\376\377\004\027\004\020\004\032\004\033\004\056\004\047\004\025\004\035\004\030\004\025}{}% 24
\BOOKMARK [1][-]{section*.10}{\376\377\004\041\004\037\004\030\004\041\004\036\004\032\000\040\004\030\004\041\004\037\004\036\004\033\004\054\004\027\004\036\004\022\004\020\004\035\004\035\004\053\004\045\000\040\004\030\004\041\004\042\004\036\004\047\004\035\004\030\004\032\004\036\004\022}{}% 25
\BOOKMARK [1][-]{appendix.A}{\376\377\004\030\004\101\004\105\004\076\004\064\004\075\004\113\004\071\000\040\004\072\004\076\004\064\000\040\004\077\004\100\004\076\004\063\004\100\004\060\004\074\004\074\004\113\000\040\004\064\004\073\004\117\000\040\000A\000r\000d\000u\000i\000n\000o}{}% 26
\BOOKMARK [1][-]{appendix.B}{\376\377\004\030\004\101\004\105\004\076\004\064\004\075\004\113\004\071\000\040\004\072\004\076\004\064\000\040\004\077\004\100\004\076\004\063\004\100\004\060\004\074\004\074\004\113\000\040\004\064\004\073\004\117\000\040\000M\000a\000n\000g\000o\000P\000i\000\040\000M\000Q\000\040\000P\000r\000o}{}% 27
\BOOKMARK [1][-]{appendix.C}{\376\377\004\030\004\101\004\105\004\076\004\064\004\075\004\113\004\071\000\040\004\072\004\076\004\064\000\040\004\077\004\100\004\076\004\063\004\100\004\060\004\074\004\074\004\113\000\040\004\064\004\073\004\117\000\040\004\037\004\032}{}% 28
